<?xml version="1.0" encoding="UTF-8"?>
<!-- Generated by org.testng.reporters.JUnitXMLReporter -->
<testsuite hostname="DESKTOP-Q1DRPNI" ignored="1" name="Default test" tests="4" failures="0" timestamp="09 Dec 2020 17:46:34 GMT" time="9.709" errors="0">
  <testcase name="tc1" time="0.471" classname="org.testng.TestNGSample"/>
  <testcase name="tc2" time="0.0" classname="org.testng.TestNGSample"/>
  <testcase name="tc2" time="0.008" classname="org.testng.TestNGSample"/>
  <testcase name="tc2" time="0.0" classname="org.testng.TestNGSample"/>
  <testcase name="tc3" time="0.0" classname="org.testng.TestNGSample">
    <ignored/>
  </testcase> <!-- tc3 -->
</testsuite> <!-- Default test -->
