<?xml version="1.0" encoding="UTF-8"?>
<!-- Generated by org.testng.reporters.JUnitXMLReporter -->
<testsuite hostname="DESKTOP-Q1DRPNI" ignored="1" name="Test" tests="6" failures="0" timestamp="09 Dec 2020 17:58:30 GMT" time="10.395" errors="0">
  <testcase name="tc6" time="0.031" classname="org.testng.Testing"/>
  <testcase name="tc4" time="0.0" classname="org.testng.Suite"/>
  <testcase name="tc1" time="0.652" classname="org.testng.TestNGSample"/>
  <testcase name="tc2" time="0.0" classname="org.testng.TestNGSample"/>
  <testcase name="tc2" time="0.0" classname="org.testng.TestNGSample"/>
  <testcase name="tc2" time="0.0" classname="org.testng.TestNGSample"/>
  <testcase name="tc3" time="0.0" classname="org.testng.TestNGSample">
    <ignored/>
  </testcase> <!-- tc3 -->
</testsuite> <!-- Test -->
